[2025-10-07T17:43:25.548656295Z] Неудачная попытка #1
[2025-10-07T17:43:27.267699456Z] Неудачная попытка #2
[2025-10-07T17:43:29.164203481Z] Неудачная попытка #3
[2025-10-07T17:43:29.168432125Z] Блокировка после 3 неудач
[2025-10-07T17:43:48.925502337Z] Неудачная попытка #1
[2025-10-07T17:43:49.051181650Z] Неудачная попытка #2
[2025-10-07T17:43:49.181981935Z] Неудачная попытка #3
[2025-10-07T17:43:49.183453701Z] Блокировка после 3 неудач
[2025-10-07T17:45:50.701772097Z] Неудачная попытка #1
[2025-10-07T17:45:50.720874966Z] Неудачная попытка #2
[2025-10-07T17:45:50.722125820Z] Неудачная попытка #3
[2025-10-07T17:45:50.723011266Z] Блокировка после 3 неудач
[2025-10-07T17:46:19.119614205Z] Ошибка чтения JSON
[2025-10-07T17:46:26.792206912Z] Неудачная попытка #1
[2025-10-07T17:46:26.809956109Z] Неудачная попытка #2
[2025-10-07T17:46:26.811298873Z] Неудачная попытка #3
[2025-10-07T17:46:26.813284943Z] Блокировка после 3 неудач
[2025-10-07T17:59:47.515343815Z] Пароль установлен, hash=VM0aHdOeoYfQXu6mBar4ThViecN0PsLFvHOe5zMELyX
[2025-10-07T17:59:59.596723460Z] Успешный вход с 1 попытки
[2025-10-07T18:00:22.569752708Z] Неудачная попытка #1
[2025-10-07T18:00:23.636175713Z] Неудачная попытка #2
[2025-10-07T18:00:24.726693361Z] Неудачная попытка #3
[2025-10-07T18:00:24.728979529Z] Блокировка после 3 неудач
